[debug] [2023-04-10T09:10:43.366Z] ----------------------------------------------------------------------
[debug] [2023-04-10T09:10:43.368Z] Command:       C:\Program Files\nodejs\node.exe C:\Users\Garvit\AppData\Roaming\npm\node_modules\firebase-tools\lib\bin\firebase.js emulators:start
[debug] [2023-04-10T09:10:43.368Z] CLI Version:   11.25.3
[debug] [2023-04-10T09:10:43.369Z] Platform:      win32
[debug] [2023-04-10T09:10:43.369Z] Node Version:  v18.15.0
[debug] [2023-04-10T09:10:43.373Z] Time:          Mon Apr 10 2023 14:40:43 GMT+0530 (India Standard Time)
[debug] [2023-04-10T09:10:43.374Z] ----------------------------------------------------------------------
[debug] 
[debug] [2023-04-10T09:10:43.518Z] > command requires scopes: ["email","openid","https://www.googleapis.com/auth/cloudplatformprojects.readonly","https://www.googleapis.com/auth/firebase","https://www.googleapis.com/auth/cloud-platform"]
[debug] [2023-04-10T09:10:43.518Z] > authorizing via signed-in user (garvitmaheshwari2021@gmail.com)
[info] i  emulators: Starting emulators: hosting {"metadata":{"emulator":{"name":"hub"},"message":"Starting emulators: hosting"}}
[debug] [2023-04-10T09:10:43.539Z] [logging] Logging Emulator only supports listening on one address (127.0.0.1). Not listening on ::1
[debug] [2023-04-10T09:10:43.540Z] [hosting] Hosting Emulator only supports listening on one address (127.0.0.1). Not listening on ::1
[debug] [2023-04-10T09:10:43.541Z] assigned listening specs for emulators {"user":{"hub":[{"address":"127.0.0.1","family":"IPv4","port":4400},{"address":"::1","family":"IPv6","port":4400}],"logging":[{"address":"127.0.0.1","family":"IPv4","port":4500}],"hosting":[{"address":"127.0.0.1","family":"IPv4","port":5000}]},"metadata":{"message":"assigned listening specs for emulators"}}
[debug] [2023-04-10T09:10:43.558Z] [hub] writing locator at C:\Users\Garvit\AppData\Local\Temp\hub-hackathon--23.json
[debug] [2023-04-10T09:10:43.587Z] > refreshing access token with scopes: []
[debug] [2023-04-10T09:10:43.589Z] >>> [apiv2][query] POST https://www.googleapis.com/oauth2/v3/token [none]
[debug] [2023-04-10T09:10:43.590Z] >>> [apiv2][body] POST https://www.googleapis.com/oauth2/v3/token [omitted]
[debug] [2023-04-10T09:11:20.768Z] Received signal SIGINT (Ctrl-C) 1
[info]  
[info] i  emulators: Received SIGINT (Ctrl-C) for the first time. Starting a clean shutdown. 
[info] i  emulators: Please wait for a clean shutdown or send the SIGINT (Ctrl-C) signal again to stop right now. 
[info] i  emulators: Shutting down emulators. {"metadata":{"emulator":{"name":"hub"},"message":"Shutting down emulators."}}
[info] i  hosting: Stopping Hosting Emulator {"metadata":{"emulator":{"name":"hosting"},"message":"Stopping Hosting Emulator"}}
[info] i  hub: Stopping emulator hub {"metadata":{"emulator":{"name":"hub"},"message":"Stopping emulator hub"}}
[debug] [2023-04-10T09:11:24.758Z] Received signal SIGINT (Ctrl-C) 2
[info]  
[debug] [2023-04-10T09:11:24.759Z] Skipping clean onExit() and cleanShutdown()
[warn] !  emulators: Received SIGINT (Ctrl-C) 2 times. You have forced the Emulator Suite to exit without waiting for 0 subprocess to finish. These processes may still be running on your machine:  
[info] 
┌──────────┬───────────┬─────┐
│ Emulator │ Host:Port │ PID │
└──────────┴───────────┴─────┘

To force them to exit run:

[info] TASKKILL  /T

[debug] [2023-04-10T09:11:29.137Z] Received signal SIGINT (Ctrl-C) 3
[info]  
[debug] [2023-04-10T09:11:29.137Z] Skipping clean onExit() and cleanShutdown()
[warn] !  emulators: Received SIGINT (Ctrl-C) 3 times. You have forced the Emulator Suite to exit without waiting for 0 subprocess to finish. These processes may still be running on your machine:  
[info] 
┌──────────┬───────────┬─────┐
│ Emulator │ Host:Port │ PID │
└──────────┴───────────┴─────┘

To force them to exit run:

[info] TASKKILL  /T

[debug] [2023-04-10T09:11:30.831Z] Error: Timed out.
    at Timeout._onTimeout (C:\Users\Garvit\AppData\Roaming\npm\node_modules\firebase-tools\lib\utils.js:253:49)
    at listOnTimeout (node:internal/timers:569:17)
    at process.processTimers (node:internal/timers:512:7)
[error] 
[error] Error: An unexpected error has occurred.
[debug] [2023-04-10T09:11:43.672Z] ----------------------------------------------------------------------
[debug] [2023-04-10T09:11:43.675Z] Command:       C:\Program Files\nodejs\node.exe C:\Users\Garvit\AppData\Roaming\npm\node_modules\firebase-tools\lib\bin\firebase.js emulators:start
[debug] [2023-04-10T09:11:43.677Z] CLI Version:   11.25.3
[debug] [2023-04-10T09:11:43.677Z] Platform:      win32
[debug] [2023-04-10T09:11:43.677Z] Node Version:  v18.15.0
[debug] [2023-04-10T09:11:43.679Z] Time:          Mon Apr 10 2023 14:41:43 GMT+0530 (India Standard Time)
[debug] [2023-04-10T09:11:43.680Z] ----------------------------------------------------------------------
[debug] 
[debug] [2023-04-10T09:11:43.839Z] > command requires scopes: ["email","openid","https://www.googleapis.com/auth/cloudplatformprojects.readonly","https://www.googleapis.com/auth/firebase","https://www.googleapis.com/auth/cloud-platform"]
[debug] [2023-04-10T09:11:43.840Z] > authorizing via signed-in user (garvitmaheshwari2021@gmail.com)
[info] i  emulators: Starting emulators: hosting {"metadata":{"emulator":{"name":"hub"},"message":"Starting emulators: hosting"}}
[debug] [2023-04-10T09:11:43.857Z] [logging] Logging Emulator only supports listening on one address (127.0.0.1). Not listening on ::1
[debug] [2023-04-10T09:11:43.857Z] [hosting] Hosting Emulator only supports listening on one address (127.0.0.1). Not listening on ::1
[debug] [2023-04-10T09:11:43.858Z] assigned listening specs for emulators {"user":{"hub":[{"address":"127.0.0.1","family":"IPv4","port":4400},{"address":"::1","family":"IPv6","port":4400}],"logging":[{"address":"127.0.0.1","family":"IPv4","port":4500}],"hosting":[{"address":"127.0.0.1","family":"IPv4","port":5000}]},"metadata":{"message":"assigned listening specs for emulators"}}
[debug] [2023-04-10T09:11:43.870Z] [hub] writing locator at C:\Users\Garvit\AppData\Local\Temp\hub-hackathon--23.json
[debug] [2023-04-10T09:11:43.928Z] > refreshing access token with scopes: []
[debug] [2023-04-10T09:11:43.929Z] >>> [apiv2][query] POST https://www.googleapis.com/oauth2/v3/token [none]
[debug] [2023-04-10T09:11:43.930Z] >>> [apiv2][body] POST https://www.googleapis.com/oauth2/v3/token [omitted]
[debug] [2023-04-10T09:12:04.979Z] Failed to list hosting sites
[debug] Authentication Error: Your credentials are no longer valid. Please run firebase login --reauth

For CI servers and headless environments, generate a new token with firebase login:ci
[debug] [2023-04-10T09:12:04.980Z] > refreshing access token with scopes: []
[debug] [2023-04-10T09:12:04.980Z] >>> [apiv2][query] POST https://www.googleapis.com/oauth2/v3/token [none]
[debug] [2023-04-10T09:12:04.980Z] >>> [apiv2][body] POST https://www.googleapis.com/oauth2/v3/token [omitted]
[debug] [2023-04-10T09:12:35.655Z] fetchWebSetup error: FirebaseError: Authentication Error: Your credentials are no longer valid. Please run firebase login --reauth

For CI servers and headless environments, generate a new token with firebase login:ci
[warn] !  hosting: Using web app configuration from cache. 
[debug] [2023-04-10T09:12:35.657Z] > refreshing access token with scopes: []
[debug] [2023-04-10T09:12:35.658Z] >>> [apiv2][query] POST https://www.googleapis.com/oauth2/v3/token [none]
[debug] [2023-04-10T09:12:35.658Z] >>> [apiv2][body] POST https://www.googleapis.com/oauth2/v3/token [omitted]
[debug] [2023-04-10T09:12:55.837Z] Authentication Error: Your credentials are no longer valid. Please run firebase login --reauth

For CI servers and headless environments, generate a new token with firebase login:ci
[info] i  hosting[hackathon--23]: Serving hosting files from: public {"metadata":{"emulator":{"name":"hosting"},"message":"Serving hosting files from: \u001b[1mpublic\u001b[22m"}}
[info] +  hosting[hackathon--23]: Local server: http://127.0.0.1:5000 {"metadata":{"emulator":{"name":"hosting"},"message":"Local server: \u001b[4m\u001b[1mhttp://127.0.0.1:5000\u001b[22m\u001b[24m"}}
[warn] !  emulators: The Emulator UI is not starting, either because none of the emulated products have an interaction layer in Emulator UI or it cannot determine the Project ID. Pass the --project flag to specify a project. {"metadata":{"emulator":{"name":"hub"},"message":"The Emulator UI is not starting, either because none of the emulated products have an interaction layer in Emulator UI or it cannot determine the Project ID. Pass the --project flag to specify a project."}}
[info] 
┌─────────────────────────────────────────────────────────────┐
│ ✔  All emulators ready! It is now safe to connect your app. │
└─────────────────────────────────────────────────────────────┘

┌──────────┬────────────────┐
│ Emulator │ Host:Port      │
├──────────┼────────────────┤
│ Hosting  │ 127.0.0.1:5000 │
└──────────┴────────────────┘
  Emulator Hub running at 127.0.0.1:4400
  Other reserved ports: 4500

Issues? Report them at https://github.com/firebase/firebase-tools/issues and attach the *-debug.log files.
 
[info] i  hosting: 127.0.0.1 - - [10/Apr/2023:09:13:50 +0000] "GET /Dashboard/dash.html HTTP/1.1" 200 - "-" "Mozilla/5.0 (Windows NT 10.0; Win64; x64; rv:109.0) Gecko/20100101 Firefox/111.0" {"metadata":{"emulator":{"name":"hosting"},"message":"127.0.0.1 - - [10/Apr/2023:09:13:50 +0000] \"GET /Dashboard/dash.html HTTP/1.1\" 200 - \"-\" \"Mozilla/5.0 (Windows NT 10.0; Win64; x64; rv:109.0) Gecko/20100101 Firefox/111.0\""}}
[info] i  hosting: 127.0.0.1 - - [10/Apr/2023:09:13:50 +0000] "GET /Dashboard/board.css HTTP/1.1" 200 - "http://localhost:5000/Dashboard/dash.html" "Mozilla/5.0 (Windows NT 10.0; Win64; x64; rv:109.0) Gecko/20100101 Firefox/111.0" {"metadata":{"emulator":{"name":"hosting"},"message":"127.0.0.1 - - [10/Apr/2023:09:13:50 +0000] \"GET /Dashboard/board.css HTTP/1.1\" 200 - \"http://localhost:5000/Dashboard/dash.html\" \"Mozilla/5.0 (Windows NT 10.0; Win64; x64; rv:109.0) Gecko/20100101 Firefox/111.0\""}}
[info] i  hosting: 127.0.0.1 - - [10/Apr/2023:09:13:54 +0000] "GET /Dashboard/dashgraph.html HTTP/1.1" 200 - "http://localhost:5000/Dashboard/dash.html" "Mozilla/5.0 (Windows NT 10.0; Win64; x64; rv:109.0) Gecko/20100101 Firefox/111.0" {"metadata":{"emulator":{"name":"hosting"},"message":"127.0.0.1 - - [10/Apr/2023:09:13:54 +0000] \"GET /Dashboard/dashgraph.html HTTP/1.1\" 200 - \"http://localhost:5000/Dashboard/dash.html\" \"Mozilla/5.0 (Windows NT 10.0; Win64; x64; rv:109.0) Gecko/20100101 Firefox/111.0\""}}
[info] i  hosting: 127.0.0.1 - - [10/Apr/2023:09:13:54 +0000] "GET /Dashboard/graph.css HTTP/1.1" 200 - "http://localhost:5000/Dashboard/dashgraph.html" "Mozilla/5.0 (Windows NT 10.0; Win64; x64; rv:109.0) Gecko/20100101 Firefox/111.0" {"metadata":{"emulator":{"name":"hosting"},"message":"127.0.0.1 - - [10/Apr/2023:09:13:54 +0000] \"GET /Dashboard/graph.css HTTP/1.1\" 200 - \"http://localhost:5000/Dashboard/dashgraph.html\" \"Mozilla/5.0 (Windows NT 10.0; Win64; x64; rv:109.0) Gecko/20100101 Firefox/111.0\""}}
[debug] [2023-04-10T11:47:34.914Z] Received signal SIGHUP 1
